<?xml version="1.0" encoding="UTF-8"?>
<!-- Generated by org.testng.reporters.JUnitXMLReporter -->
<testsuite hostname="SYSTEM3" name="Default test" tests="5" failures="0" timestamp="6 Nov 2019 05:25:26 GMT" time="67.29" errors="0">
  <testcase name="verifyhomepagetitleTest" time="0.014" classname="com.qa.Tests.HomePageTest"/>
  <testcase name="validatelinktextTest" time="0.087" classname="com.qa.Tests.HomePageTest"/>
  <testcase name="adminlinkTest" time="5.142" classname="com.qa.Tests.HomePageTest"/>
  <testcase name="tenderinglinkTest" time="0.132" classname="com.qa.Tests.HomePageTest"/>
  <testcase name="projcontractlinkTest" time="0.117" classname="com.qa.Tests.HomePageTest"/>
</testsuite> <!-- Default test -->
