<?xml version="1.0" encoding="UTF-8"?>
<testng-results skipped="0" failed="0" total="5" passed="5">
  <reporter-output>
  </reporter-output>
  <suite name="Default suite" duration-ms="67290" started-at="2019-11-06T05:24:19Z" finished-at="2019-11-06T05:25:26Z">
    <groups>
    </groups>
    <test name="Default test" duration-ms="67290" started-at="2019-11-06T05:24:19Z" finished-at="2019-11-06T05:25:26Z">
      <class name="com.qa.Tests.HomePageTest">
        <test-method status="PASS" signature="setup()[pri:0, instance:com.qa.Tests.HomePageTest@51efea79]" name="setup" is-config="true" duration-ms="11829" started-at="2019-11-06T10:54:19Z" finished-at="2019-11-06T10:54:31Z">
          <reporter-output>
          </reporter-output>
        </test-method> <!-- setup -->
        <test-method status="PASS" signature="verifyhomepagetitleTest()[pri:1, instance:com.qa.Tests.HomePageTest@51efea79]" name="verifyhomepagetitleTest" duration-ms="14" started-at="2019-11-06T10:54:31Z" finished-at="2019-11-06T10:54:31Z">
          <reporter-output>
          </reporter-output>
        </test-method> <!-- verifyhomepagetitleTest -->
        <test-method status="PASS" signature="teardown()[pri:0, instance:com.qa.Tests.HomePageTest@51efea79]" name="teardown" is-config="true" duration-ms="785" started-at="2019-11-06T10:54:31Z" finished-at="2019-11-06T10:54:32Z">
          <reporter-output>
          </reporter-output>
        </test-method> <!-- teardown -->
        <test-method status="PASS" signature="setup()[pri:0, instance:com.qa.Tests.HomePageTest@51efea79]" name="setup" is-config="true" duration-ms="11405" started-at="2019-11-06T10:54:32Z" finished-at="2019-11-06T10:54:43Z">
          <reporter-output>
          </reporter-output>
        </test-method> <!-- setup -->
        <test-method status="PASS" signature="validatelinktextTest()[pri:2, instance:com.qa.Tests.HomePageTest@51efea79]" name="validatelinktextTest" duration-ms="87" started-at="2019-11-06T10:54:43Z" finished-at="2019-11-06T10:54:43Z">
          <reporter-output>
          </reporter-output>
        </test-method> <!-- validatelinktextTest -->
        <test-method status="PASS" signature="teardown()[pri:0, instance:com.qa.Tests.HomePageTest@51efea79]" name="teardown" is-config="true" duration-ms="687" started-at="2019-11-06T10:54:43Z" finished-at="2019-11-06T10:54:44Z">
          <reporter-output>
          </reporter-output>
        </test-method> <!-- teardown -->
        <test-method status="PASS" signature="setup()[pri:0, instance:com.qa.Tests.HomePageTest@51efea79]" name="setup" is-config="true" duration-ms="12483" started-at="2019-11-06T10:54:44Z" finished-at="2019-11-06T10:54:56Z">
          <reporter-output>
          </reporter-output>
        </test-method> <!-- setup -->
        <test-method status="PASS" signature="adminlinkTest()[pri:3, instance:com.qa.Tests.HomePageTest@51efea79]" name="adminlinkTest" duration-ms="5142" started-at="2019-11-06T10:54:56Z" finished-at="2019-11-06T10:55:01Z">
          <reporter-output>
          </reporter-output>
        </test-method> <!-- adminlinkTest -->
        <test-method status="PASS" signature="teardown()[pri:0, instance:com.qa.Tests.HomePageTest@51efea79]" name="teardown" is-config="true" duration-ms="697" started-at="2019-11-06T10:55:01Z" finished-at="2019-11-06T10:55:02Z">
          <reporter-output>
          </reporter-output>
        </test-method> <!-- teardown -->
        <test-method status="PASS" signature="setup()[pri:0, instance:com.qa.Tests.HomePageTest@51efea79]" name="setup" is-config="true" duration-ms="11366" started-at="2019-11-06T10:55:02Z" finished-at="2019-11-06T10:55:14Z">
          <reporter-output>
          </reporter-output>
        </test-method> <!-- setup -->
        <test-method status="PASS" signature="tenderinglinkTest()[pri:4, instance:com.qa.Tests.HomePageTest@51efea79]" name="tenderinglinkTest" duration-ms="132" started-at="2019-11-06T10:55:14Z" finished-at="2019-11-06T10:55:14Z">
          <reporter-output>
          </reporter-output>
        </test-method> <!-- tenderinglinkTest -->
        <test-method status="PASS" signature="teardown()[pri:0, instance:com.qa.Tests.HomePageTest@51efea79]" name="teardown" is-config="true" duration-ms="690" started-at="2019-11-06T10:55:14Z" finished-at="2019-11-06T10:55:14Z">
          <reporter-output>
          </reporter-output>
        </test-method> <!-- teardown -->
        <test-method status="PASS" signature="setup()[pri:0, instance:com.qa.Tests.HomePageTest@51efea79]" name="setup" is-config="true" duration-ms="11131" started-at="2019-11-06T10:55:14Z" finished-at="2019-11-06T10:55:25Z">
          <reporter-output>
          </reporter-output>
        </test-method> <!-- setup -->
        <test-method status="PASS" signature="projcontractlinkTest()[pri:5, instance:com.qa.Tests.HomePageTest@51efea79]" name="projcontractlinkTest" duration-ms="117" started-at="2019-11-06T10:55:25Z" finished-at="2019-11-06T10:55:26Z">
          <reporter-output>
          </reporter-output>
        </test-method> <!-- projcontractlinkTest -->
        <test-method status="PASS" signature="teardown()[pri:0, instance:com.qa.Tests.HomePageTest@51efea79]" name="teardown" is-config="true" duration-ms="694" started-at="2019-11-06T10:55:26Z" finished-at="2019-11-06T10:55:26Z">
          <reporter-output>
          </reporter-output>
        </test-method> <!-- teardown -->
      </class> <!-- com.qa.Tests.HomePageTest -->
    </test> <!-- Default test -->
  </suite> <!-- Default suite -->
</testng-results>
